----------------------------------------------------------------
Wed Aug 12 10:49:28 CST 2020:
Booting Derby version The Apache Software Foundation - Apache Derby - 10.14.2.0 - (1828579): instance a816c00e-0173-e092-8b70-00000e169308 
on database directory memory:D:\workspace\idea\data_manager\testdb with class loader sun.misc.Launcher$AppClassLoader@18b4aac2 
Loaded from file:/C:/Users/Administrator/.m2/repository/org/apache/derby/derby/10.14.2.0/derby-10.14.2.0.jar
java.vendor=Oracle Corporation
java.runtime.version=1.8.0_211-b12
user.dir=D:\workspace\idea\data_manager
os.name=Windows 10
os.arch=amd64
os.version=10.0
derby.system.home=null
Database Class Loader started - derby.database.classpath=''
----------------------------------------------------------------
Wed Aug 12 10:49:29 CST 2020:
Shutting down instance a816c00e-0173-e092-8b70-00000e169308 on database directory memory:D:\workspace\idea\data_manager\testdb with class loader sun.misc.Launcher$AppClassLoader@18b4aac2 
----------------------------------------------------------------
Wed Aug 12 10:49:29 CST 2020:
Booting Derby version The Apache Software Foundation - Apache Derby - 10.14.2.0 - (1828579): instance 0ddd00a9-0173-e092-8b70-00000e169308 
on database directory memory:D:\workspace\idea\data_manager\testdb with class loader sun.misc.Launcher$AppClassLoader@18b4aac2 
Loaded from file:/C:/Users/Administrator/.m2/repository/org/apache/derby/derby/10.14.2.0/derby-10.14.2.0.jar
java.vendor=Oracle Corporation
java.runtime.version=1.8.0_211-b12
user.dir=D:\workspace\idea\data_manager
os.name=Windows 10
os.arch=amd64
os.version=10.0
derby.system.home=null
Database Class Loader started - derby.database.classpath=''
